STATUS | wrapper  | 2021/07/23 15:42:33 | --> Wrapper Started as Daemon
STATUS | wrapper  | 2021/07/23 15:42:33 | Launching a JVM...
INFO   | jvm 1    | 2021/07/23 15:42:44 | Wrapper (Version 3.2.3) http://wrapper.tanukisoftware.org
INFO   | jvm 1    | 2021/07/23 15:42:44 |   Copyright 1999-2006 Tanuki Software, Inc.  All Rights Reserved.
INFO   | jvm 1    | 2021/07/23 15:42:44 | 
INFO   | jvm 1    | 2021/07/23 15:42:48 | 
INFO   | jvm 1    | 2021/07/23 15:42:48 | WARNING - Unable to load the Wrapper's native library because none of the
INFO   | jvm 1    | 2021/07/23 15:42:48 |           following files:
INFO   | jvm 1    | 2021/07/23 15:42:48 |             libwrapper-macosx-x86-64.dylib
INFO   | jvm 1    | 2021/07/23 15:42:48 |             libwrapper-macosx-universal-64.dylib
INFO   | jvm 1    | 2021/07/23 15:42:48 |             libwrapper.dylib
INFO   | jvm 1    | 2021/07/23 15:42:48 |           could be located on the following java.library.path:
INFO   | jvm 1    | 2021/07/23 15:42:48 |             /Users/surfin/mycat/lib
INFO   | jvm 1    | 2021/07/23 15:42:48 |           Please see the documentation for the wrapper.java.library.path
INFO   | jvm 1    | 2021/07/23 15:42:48 |           configuration property.
INFO   | jvm 1    | 2021/07/23 15:42:48 |           System signals will not be handled correctly.
INFO   | jvm 1    | 2021/07/23 15:42:48 | 
INFO   | jvm 1    | 2021/07/23 15:42:48 | path:/Users/surfin/mycat/./conf
INFO   | jvm 1    | 2021/07/23 15:42:48 | [WrapperSimpleAppMain] DEBUG io.vertx.core.logging.LoggerFactory - Using io.vertx.core.logging.SLF4JLogDelegateFactory
INFO   | jvm 1    | 2021/07/23 15:42:48 | [WrapperSimpleAppMain] INFO io.mycat.MycatCore - start VertxMycatServer
INFO   | jvm 1    | 2021/07/23 15:42:48 | [WrapperSimpleAppMain] DEBUG io.netty.util.internal.logging.InternalLoggerFactory - Using SLF4J as the default logging framework
INFO   | jvm 1    | 2021/07/23 15:42:48 | [WrapperSimpleAppMain] DEBUG io.netty.util.ResourceLeakDetector - -Dio.netty.leakDetection.level: simple
INFO   | jvm 1    | 2021/07/23 15:42:48 | [WrapperSimpleAppMain] DEBUG io.netty.util.ResourceLeakDetector - -Dio.netty.leakDetection.targetRecords: 4
INFO   | jvm 1    | 2021/07/23 15:42:48 | [WrapperSimpleAppMain] DEBUG io.netty.util.internal.PlatformDependent - Platform: MacOS
INFO   | jvm 1    | 2021/07/23 15:42:48 | [WrapperSimpleAppMain] DEBUG io.netty.util.internal.PlatformDependent0 - -Dio.netty.noUnsafe: false
INFO   | jvm 1    | 2021/07/23 15:42:48 | [WrapperSimpleAppMain] DEBUG io.netty.util.internal.PlatformDependent0 - Java version: 8
INFO   | jvm 1    | 2021/07/23 15:42:48 | [WrapperSimpleAppMain] DEBUG io.netty.util.internal.PlatformDependent0 - sun.misc.Unsafe.theUnsafe: available
INFO   | jvm 1    | 2021/07/23 15:42:48 | [WrapperSimpleAppMain] DEBUG io.netty.util.internal.PlatformDependent0 - sun.misc.Unsafe.copyMemory: available
INFO   | jvm 1    | 2021/07/23 15:42:48 | [WrapperSimpleAppMain] DEBUG io.netty.util.internal.PlatformDependent0 - java.nio.Buffer.address: available
INFO   | jvm 1    | 2021/07/23 15:42:48 | [WrapperSimpleAppMain] DEBUG io.netty.util.internal.PlatformDependent0 - direct buffer constructor: available
INFO   | jvm 1    | 2021/07/23 15:42:48 | [WrapperSimpleAppMain] DEBUG io.netty.util.internal.PlatformDependent0 - java.nio.Bits.unaligned: available, true
INFO   | jvm 1    | 2021/07/23 15:42:48 | [WrapperSimpleAppMain] DEBUG io.netty.util.internal.PlatformDependent0 - jdk.internal.misc.Unsafe.allocateUninitializedArray(int): unavailable prior to Java9
INFO   | jvm 1    | 2021/07/23 15:42:48 | [WrapperSimpleAppMain] DEBUG io.netty.util.internal.PlatformDependent0 - java.nio.DirectByteBuffer.<init>(long, int): available
INFO   | jvm 1    | 2021/07/23 15:42:48 | [WrapperSimpleAppMain] DEBUG io.netty.util.internal.PlatformDependent - sun.misc.Unsafe: available
INFO   | jvm 1    | 2021/07/23 15:42:48 | [WrapperSimpleAppMain] DEBUG io.netty.util.internal.PlatformDependent - -Dio.netty.tmpdir: /var/folders/l9/8szpk33x1gv8cxz0j1w0ncs80000gn/T (java.io.tmpdir)
INFO   | jvm 1    | 2021/07/23 15:42:48 | [WrapperSimpleAppMain] DEBUG io.netty.util.internal.PlatformDependent - -Dio.netty.bitMode: 64 (sun.arch.data.model)
INFO   | jvm 1    | 2021/07/23 15:42:48 | [WrapperSimpleAppMain] DEBUG io.netty.util.internal.PlatformDependent - -Dio.netty.maxDirectMemory: 3817865216 bytes
INFO   | jvm 1    | 2021/07/23 15:42:48 | [WrapperSimpleAppMain] DEBUG io.netty.util.internal.PlatformDependent - -Dio.netty.uninitializedArrayAllocationThreshold: -1
INFO   | jvm 1    | 2021/07/23 15:42:48 | [WrapperSimpleAppMain] DEBUG io.netty.util.internal.CleanerJava6 - java.nio.ByteBuffer.cleaner(): available
INFO   | jvm 1    | 2021/07/23 15:42:48 | [WrapperSimpleAppMain] DEBUG io.netty.util.internal.PlatformDependent - -Dio.netty.noPreferDirect: false
INFO   | jvm 1    | 2021/07/23 15:42:48 | [WrapperSimpleAppMain] DEBUG io.netty.channel.MultithreadEventLoopGroup - -Dio.netty.eventLoopThreads: 16
INFO   | jvm 1    | 2021/07/23 15:42:48 | [WrapperSimpleAppMain] DEBUG io.netty.util.internal.InternalThreadLocalMap - -Dio.netty.threadLocalMap.stringBuilder.initialSize: 1024
INFO   | jvm 1    | 2021/07/23 15:42:48 | [WrapperSimpleAppMain] DEBUG io.netty.util.internal.InternalThreadLocalMap - -Dio.netty.threadLocalMap.stringBuilder.maxSize: 4096
INFO   | jvm 1    | 2021/07/23 15:42:48 | [WrapperSimpleAppMain] DEBUG io.netty.channel.nio.NioEventLoop - -Dio.netty.noKeySetOptimization: false
INFO   | jvm 1    | 2021/07/23 15:42:48 | [WrapperSimpleAppMain] DEBUG io.netty.channel.nio.NioEventLoop - -Dio.netty.selectorAutoRebuildThreshold: 512
INFO   | jvm 1    | 2021/07/23 15:42:48 | [WrapperSimpleAppMain] DEBUG io.netty.util.internal.PlatformDependent - org.jctools-core.MpscChunkedArrayQueue: available
INFO   | jvm 1    | 2021/07/23 15:42:48 | [WrapperSimpleAppMain] DEBUG io.netty.resolver.dns.DefaultDnsServerAddressStreamProvider - Default DNS servers: [/202.106.196.115:53, /114.114.114.114:53] (sun.net.dns.ResolverConfiguration)
INFO   | jvm 1    | 2021/07/23 15:42:48 | [WrapperSimpleAppMain] DEBUG io.netty.util.NetUtil - -Djava.net.preferIPv4Stack: false
INFO   | jvm 1    | 2021/07/23 15:42:48 | [WrapperSimpleAppMain] DEBUG io.netty.util.NetUtil - -Djava.net.preferIPv6Addresses: false
INFO   | jvm 1    | 2021/07/23 15:42:48 | [WrapperSimpleAppMain] DEBUG io.netty.util.NetUtil - Loopback interface: lo0 (lo0, 0:0:0:0:0:0:0:1%lo0)
INFO   | jvm 1    | 2021/07/23 15:42:48 | [WrapperSimpleAppMain] DEBUG io.netty.util.NetUtil - Failed to get SOMAXCONN from sysctl and file /proc/sys/net/core/somaxconn. Default: 128
INFO   | jvm 1    | 2021/07/23 15:42:49 | 
INFO   | jvm 1    | 2021/07/23 15:42:49 | WrapperSimpleApp: Encountered an error running main: com.alibaba.fastjson.JSONException: syntax error, expect {, actual string, pos 2731, fieldName targetName, fastjson-version 1.2.62
INFO   | jvm 1    | 2021/07/23 15:42:49 | com.alibaba.fastjson.JSONException: syntax error, expect {, actual string, pos 2731, fieldName targetName, fastjson-version 1.2.62
INFO   | jvm 1    | 2021/07/23 15:42:49 | 	at com.alibaba.fastjson.parser.deserializer.JavaBeanDeserializer.deserialze(JavaBeanDeserializer.java:505)
INFO   | jvm 1    | 2021/07/23 15:42:49 | 	at com.alibaba.fastjson.parser.deserializer.JavaBeanDeserializer.parseRest(JavaBeanDeserializer.java:1555)
INFO   | jvm 1    | 2021/07/23 15:42:49 | 	at com.alibaba.fastjson.parser.deserializer.FastjsonASMDeserializer_11_ShardingTableConfig.deserialze(Unknown Source)
INFO   | jvm 1    | 2021/07/23 15:42:49 | 	at com.alibaba.fastjson.parser.deserializer.JavaBeanDeserializer.deserialze(JavaBeanDeserializer.java:284)
INFO   | jvm 1    | 2021/07/23 15:42:49 | 	at com.alibaba.fastjson.parser.DefaultJSONParser.parseObject(DefaultJSONParser.java:687)
INFO   | jvm 1    | 2021/07/23 15:42:49 | 	at com.alibaba.fastjson.parser.deserializer.MapDeserializer.parseMap(MapDeserializer.java:198)
INFO   | jvm 1    | 2021/07/23 15:42:49 | 	at com.alibaba.fastjson.parser.deserializer.MapDeserializer.deserialze(MapDeserializer.java:65)
INFO   | jvm 1    | 2021/07/23 15:42:49 | 	at com.alibaba.fastjson.parser.deserializer.MapDeserializer.deserialze(MapDeserializer.java:43)
INFO   | jvm 1    | 2021/07/23 15:42:49 | 	at com.alibaba.fastjson.parser.deserializer.FastjsonASMDeserializer_8_LogicSchemaConfig.deserialze(Unknown Source)
INFO   | jvm 1    | 2021/07/23 15:42:49 | 	at com.alibaba.fastjson.parser.deserializer.JavaBeanDeserializer.deserialze(JavaBeanDeserializer.java:284)
INFO   | jvm 1    | 2021/07/23 15:42:49 | 	at com.alibaba.fastjson.parser.DefaultJSONParser.parseObject(DefaultJSONParser.java:687)
INFO   | jvm 1    | 2021/07/23 15:42:49 | 	at com.alibaba.fastjson.JSON.parseObject(JSON.java:383)
INFO   | jvm 1    | 2021/07/23 15:42:49 | 	at com.alibaba.fastjson.JSON.parseObject(JSON.java:287)
INFO   | jvm 1    | 2021/07/23 15:42:49 | 	at com.alibaba.fastjson.JSON.parseObject(JSON.java:560)
INFO   | jvm 1    | 2021/07/23 15:42:49 | 	at io.mycat.util.JsonUtil.from(JsonUtil.java:50)
INFO   | jvm 1    | 2021/07/23 15:42:49 | 	at io.mycat.configreaderwriter.JsonConfigReaderWriter.transformation(JsonConfigReaderWriter.java:17)
INFO   | jvm 1    | 2021/07/23 15:42:49 | 	at io.mycat.config.FileMetadataStorageManager.lambda$getRouterConfig$6(FileMetadataStorageManager.java:124)
INFO   | jvm 1    | 2021/07/23 15:42:49 | 	at java.util.stream.ReferencePipeline$3$1.accept(ReferencePipeline.java:193)
INFO   | jvm 1    | 2021/07/23 15:42:49 | 	at java.util.stream.ReferencePipeline$2$1.accept(ReferencePipeline.java:175)
INFO   | jvm 1    | 2021/07/23 15:42:49 | 	at java.util.Iterator.forEachRemaining(Iterator.java:116)
INFO   | jvm 1    | 2021/07/23 15:42:49 | 	at java.util.Spliterators$IteratorSpliterator.forEachRemaining(Spliterators.java:1801)
INFO   | jvm 1    | 2021/07/23 15:42:49 | 	at java.util.stream.AbstractPipeline.copyInto(AbstractPipeline.java:481)
INFO   | jvm 1    | 2021/07/23 15:42:49 | 	at java.util.stream.AbstractPipeline.wrapAndCopyInto(AbstractPipeline.java:471)
INFO   | jvm 1    | 2021/07/23 15:42:49 | 	at java.util.stream.ReduceOps$ReduceOp.evaluateSequential(ReduceOps.java:708)
INFO   | jvm 1    | 2021/07/23 15:42:49 | 	at java.util.stream.AbstractPipeline.evaluate(AbstractPipeline.java:234)
INFO   | jvm 1    | 2021/07/23 15:42:49 | 	at java.util.stream.ReferencePipeline.collect(ReferencePipeline.java:499)
INFO   | jvm 1    | 2021/07/23 15:42:49 | 	at io.mycat.config.FileMetadataStorageManager.getRouterConfig(FileMetadataStorageManager.java:126)
INFO   | jvm 1    | 2021/07/23 15:42:49 | 	at io.mycat.config.FileMetadataStorageManager.loadFromLocalFile(FileMetadataStorageManager.java:359)
INFO   | jvm 1    | 2021/07/23 15:42:49 | 	at io.mycat.config.FileMetadataStorageManager.start(FileMetadataStorageManager.java:204)
INFO   | jvm 1    | 2021/07/23 15:42:49 | 	at io.mycat.MycatCore.start(MycatCore.java:217)
INFO   | jvm 1    | 2021/07/23 15:42:49 | 	at io.mycat.MycatCore.main(MycatCore.java:230)
INFO   | jvm 1    | 2021/07/23 15:42:49 | 	at sun.reflect.NativeMethodAccessorImpl.invoke0(Native Method)
INFO   | jvm 1    | 2021/07/23 15:42:49 | 	at sun.reflect.NativeMethodAccessorImpl.invoke(NativeMethodAccessorImpl.java:62)
INFO   | jvm 1    | 2021/07/23 15:42:49 | 	at sun.reflect.DelegatingMethodAccessorImpl.invoke(DelegatingMethodAccessorImpl.java:43)
INFO   | jvm 1    | 2021/07/23 15:42:49 | 	at java.lang.reflect.Method.invoke(Method.java:498)
INFO   | jvm 1    | 2021/07/23 15:42:49 | 	at org.tanukisoftware.wrapper.WrapperSimpleApp.run(WrapperSimpleApp.java:240)
INFO   | jvm 1    | 2021/07/23 15:42:49 | 	at java.lang.Thread.run(Thread.java:748)
STATUS | wrapper  | 2021/07/23 15:42:51 | <-- Wrapper Stopped
